GROUP,PACKAGE,CLASS,INSTRUCTION_MISSED,INSTRUCTION_COVERED,BRANCH_MISSED,BRANCH_COVERED,LINE_MISSED,LINE_COVERED,COMPLEXITY_MISSED,COMPLEXITY_COVERED,METHOD_MISSED,METHOD_COVERED
sonarqube-demo,com.devops.sonarqubedemo.controller,MessageController,0,7,0,0,0,2,0,2,0,2
sonarqube-demo,com.devops.sonarqubedemo.service,MessageServiceImpl,0,9,0,0,0,2,0,2,0,2
sonarqube-demo,com.devops.sonarqubedemo,SonarqubeDemoApplication,5,3,0,0,2,1,1,1,1,1
sonarqube-demo,com.devops.sonarqubedemo.entities,Message,86,6,14,0,4,1,16,1,9,1
sonarqube-demo,com.devops.sonarqubedemo.entities,Message.MessageBuilder,18,0,0,0,1,0,4,0,4,0
